This is pdfTeX, Version 3.14159265-2.6-1.40.17 (TeX Live 2016/W32TeX) (preloaded format=pdflatex 2017.5.22)  21 JUN 2017 17:09
entering extended mode
 \write18 enabled.
 %&-line parsing enabled.
**./main.tex
(./main.tex
LaTeX2e <2017/01/01> patch level 3
Babel <3.9r> and hyphenation patterns for 5 language(s) loaded.
(c:/texlive/2016/texmf-dist/tex/latex/base/article.cls
Document Class: article 2014/09/29 v1.4h Standard LaTeX document class
(c:/texlive/2016/texmf-dist/tex/latex/base/size10.clo
File: size10.clo 2014/09/29 v1.4h Standard LaTeX file (size option)
)
\c@part=\count79
\c@section=\count80
\c@subsection=\count81
\c@subsubsection=\count82
\c@paragraph=\count83
\c@subparagraph=\count84
\c@figure=\count85
\c@table=\count86
\abovecaptionskip=\skip41
\belowcaptionskip=\skip42
\bibindent=\dimen102
)
(c:/texlive/2016/texmf-dist/tex/latex/booktabs/booktabs.sty
Package: booktabs 2016/04/27 v1.618033 publication quality tables
\heavyrulewidth=\dimen103
\lightrulewidth=\dimen104
\cmidrulewidth=\dimen105
\belowrulesep=\dimen106
\belowbottomsep=\dimen107
\aboverulesep=\dimen108
\abovetopsep=\dimen109
\cmidrulesep=\dimen110
\cmidrulekern=\dimen111
\defaultaddspace=\dimen112
\@cmidla=\count87
\@cmidlb=\count88
\@aboverulesep=\dimen113
\@belowrulesep=\dimen114
\@thisruleclass=\count89
\@lastruleclass=\count90
\@thisrulewidth=\dimen115
)
(c:/texlive/2016/texmf-dist/tex/latex/tools/tabularx.sty
Package: tabularx 2016/02/03 v2.11 `tabularx' package (DPC)

(c:/texlive/2016/texmf-dist/tex/latex/tools/array.sty
Package: array 2016/10/06 v2.4d Tabular extension package (FMi)
\col@sep=\dimen116
\extrarowheight=\dimen117
\NC@list=\toks14
\extratabsurround=\skip43
\backup@length=\skip44
)
\TX@col@width=\dimen118
\TX@old@table=\dimen119
\TX@old@col=\dimen120
\TX@target=\dimen121
\TX@delta=\dimen122
\TX@cols=\count91
\TX@ftn=\toks15
)
(c:/texlive/2016/texmf-dist/tex/latex/ltablex/ltablex.sty
Package: ltablex 2014/08/13 v1.1 Modified tabularx

(c:/texlive/2016/texmf-dist/tex/latex/tools/longtable.sty
Package: longtable 2014/10/28 v4.11 Multi-page Table package (DPC)
\LTleft=\skip45
\LTright=\skip46
\LTpre=\skip47
\LTpost=\skip48
\LTchunksize=\count92
\LTcapwidth=\dimen123
\LT@head=\box26
\LT@firsthead=\box27
\LT@foot=\box28
\LT@lastfoot=\box29
\LT@cols=\count93
\LT@rows=\count94
\c@LT@tables=\count95
\c@LT@chunks=\count96
\LT@p@ftn=\toks16
))
(c:/texlive/2016/texmf-dist/tex/latex/graphics/graphicx.sty
Package: graphicx 2014/10/28 v1.0g Enhanced LaTeX Graphics (DPC,SPQR)

(c:/texlive/2016/texmf-dist/tex/latex/graphics/keyval.sty
Package: keyval 2014/10/28 v1.15 key=value parser (DPC)
\KV@toks@=\toks17
)
(c:/texlive/2016/texmf-dist/tex/latex/graphics/graphics.sty
Package: graphics 2016/10/09 v1.0u Standard LaTeX Graphics (DPC,SPQR)

(c:/texlive/2016/texmf-dist/tex/latex/graphics/trig.sty
Package: trig 2016/01/03 v1.10 sin cos tan (DPC)
)
(c:/texlive/2016/texmf-dist/tex/latex/graphics-cfg/graphics.cfg
File: graphics.cfg 2016/06/04 v1.11 sample graphics configuration
)
Package graphics Info: Driver file: pdftex.def on input line 99.

(c:/texlive/2016/texmf-dist/tex/latex/graphics-def/pdftex.def
File: pdftex.def 2017/01/12 v0.06k Graphics/color for pdfTeX

(c:/texlive/2016/texmf-dist/tex/generic/oberdiek/infwarerr.sty
Package: infwarerr 2016/05/16 v1.4 Providing info/warning/error messages (HO)
)
(c:/texlive/2016/texmf-dist/tex/generic/oberdiek/ltxcmds.sty
Package: ltxcmds 2016/05/16 v1.23 LaTeX kernel commands for general use (HO)
)
\Gread@gobject=\count97
))
\Gin@req@height=\dimen124
\Gin@req@width=\dimen125
)
(c:/texlive/2016/texmf-dist/tex/latex/seqsplit/seqsplit.sty
Package: seqsplit 2006/08/07 v0.1 Splitting long sequences (DNA, RNA, proteins,
 etc.) 
)
(c:/texlive/2016/texmf-dist/tex/latex/enumitem/enumitem.sty
Package: enumitem 2011/09/28 v3.5.2 Customized lists
\labelindent=\skip49
\enit@outerparindent=\dimen126
\enit@toks=\toks18
\enit@inbox=\box30
\enitdp@description=\count98
)
(c:/texlive/2016/texmf-dist/tex/latex/geometry/geometry.sty
Package: geometry 2010/09/12 v5.6 Page Geometry

(c:/texlive/2016/texmf-dist/tex/generic/oberdiek/ifpdf.sty
Package: ifpdf 2017/03/15 v3.2 Provides the ifpdf switch
)
(c:/texlive/2016/texmf-dist/tex/generic/oberdiek/ifvtex.sty
Package: ifvtex 2016/05/16 v1.6 Detect VTeX and its facilities (HO)
Package ifvtex Info: VTeX not detected.
)
(c:/texlive/2016/texmf-dist/tex/generic/ifxetex/ifxetex.sty
Package: ifxetex 2010/09/12 v0.6 Provides ifxetex conditional
)
\Gm@cnth=\count99
\Gm@cntv=\count100
\c@Gm@tempcnt=\count101
\Gm@bindingoffset=\dimen127
\Gm@wd@mp=\dimen128
\Gm@odd@mp=\dimen129
\Gm@even@mp=\dimen130
\Gm@layoutwidth=\dimen131
\Gm@layoutheight=\dimen132
\Gm@layouthoffset=\dimen133
\Gm@layoutvoffset=\dimen134
\Gm@dimlist=\toks19
)
\c@count=\count102
 (./main.aux)
\openout1 = `main.aux'.

LaTeX Font Info:    Checking defaults for OML/cmm/m/it on input line 36.
LaTeX Font Info:    ... okay on input line 36.
LaTeX Font Info:    Checking defaults for T1/cmr/m/n on input line 36.
LaTeX Font Info:    ... okay on input line 36.
LaTeX Font Info:    Checking defaults for OT1/cmr/m/n on input line 36.
LaTeX Font Info:    ... okay on input line 36.
LaTeX Font Info:    Checking defaults for OMS/cmsy/m/n on input line 36.
LaTeX Font Info:    ... okay on input line 36.
LaTeX Font Info:    Checking defaults for OMX/cmex/m/n on input line 36.
LaTeX Font Info:    ... okay on input line 36.
LaTeX Font Info:    Checking defaults for U/cmr/m/n on input line 36.
LaTeX Font Info:    ... okay on input line 36.

(c:/texlive/2016/texmf-dist/tex/context/base/mkii/supp-pdf.mkii
[Loading MPS to PDF converter (version 2006.09.02).]
\scratchcounter=\count103
\scratchdimen=\dimen135
\scratchbox=\box31
\nofMPsegments=\count104
\nofMParguments=\count105
\everyMPshowfont=\toks20
\MPscratchCnt=\count106
\MPscratchDim=\dimen136
\MPnumerator=\count107
\makeMPintoPDFobject=\count108
\everyMPtoPDFconversion=\toks21
) (c:/texlive/2016/texmf-dist/tex/generic/oberdiek/pdftexcmds.sty
Package: pdftexcmds 2017/03/19 v0.25 Utility functions of pdfTeX for LuaTeX (HO
)

(c:/texlive/2016/texmf-dist/tex/generic/oberdiek/ifluatex.sty
Package: ifluatex 2016/05/16 v1.4 Provides the ifluatex switch (HO)
Package ifluatex Info: LuaTeX not detected.
)
Package pdftexcmds Info: LuaTeX not detected.
Package pdftexcmds Info: \pdf@primitive is available.
Package pdftexcmds Info: \pdf@ifprimitive is available.
Package pdftexcmds Info: \pdfdraftmode found.
)
(c:/texlive/2016/texmf-dist/tex/latex/oberdiek/epstopdf-base.sty
Package: epstopdf-base 2016/05/15 v2.6 Base part for package epstopdf

(c:/texlive/2016/texmf-dist/tex/latex/oberdiek/grfext.sty
Package: grfext 2016/05/16 v1.2 Manage graphics extensions (HO)

(c:/texlive/2016/texmf-dist/tex/generic/oberdiek/kvdefinekeys.sty
Package: kvdefinekeys 2016/05/16 v1.4 Define keys (HO)
))
(c:/texlive/2016/texmf-dist/tex/latex/oberdiek/kvoptions.sty
Package: kvoptions 2016/05/16 v3.12 Key value format for package options (HO)

(c:/texlive/2016/texmf-dist/tex/generic/oberdiek/kvsetkeys.sty
Package: kvsetkeys 2016/05/16 v1.17 Key value parser (HO)

(c:/texlive/2016/texmf-dist/tex/generic/oberdiek/etexcmds.sty
Package: etexcmds 2016/05/16 v1.6 Avoid name clashes with e-TeX commands (HO)
Package etexcmds Info: Could not find \expanded.
(etexcmds)             That can mean that you are not using pdfTeX 1.50 or
(etexcmds)             that some package has redefined \expanded.
(etexcmds)             In the latter case, load this package earlier.
)))
Package epstopdf-base Info: Redefining graphics rule for `.eps' on input line 4
38.
Package grfext Info: Graphics extension search list:
(grfext)             [.png,.pdf,.jpg,.mps,.jpeg,.jbig2,.jb2,.PNG,.PDF,.JPG,.JPE
G,.JBIG2,.JB2,.eps]
(grfext)             \AppendGraphicsExtensions on input line 456.

(c:/texlive/2016/texmf-dist/tex/latex/latexconfig/epstopdf-sys.cfg
File: epstopdf-sys.cfg 2010/07/13 v1.3 Configuration of (r)epstopdf for TeX Liv
e
))
*geometry* driver: auto-detecting
*geometry* detected driver: pdftex
*geometry* verbose mode - [ preamble ] result:
* driver: pdftex
* paper: a4paper
* layout: <same size as paper>
* layoutoffset:(h,v)=(0.0pt,0.0pt)
* modes: 
* h-part:(L,W,R)=(42.67912pt, 483.69684pt, 71.13191pt)
* v-part:(T,H,B)=(56.9055pt, 731.23582pt, 56.90552pt)
* \paperwidth=597.50787pt
* \paperheight=845.04684pt
* \textwidth=483.69684pt
* \textheight=731.23582pt
* \oddsidemargin=-29.59087pt
* \evensidemargin=-29.59087pt
* \topmargin=-52.36449pt
* \headheight=12.0pt
* \headsep=25.0pt
* \topskip=10.0pt
* \footskip=30.0pt
* \marginparwidth=65.0pt
* \marginparsep=11.0pt
* \columnsep=10.0pt
* \skip\footins=9.0pt plus 4.0pt minus 2.0pt
* \hoffset=0.0pt
* \voffset=0.0pt
* \mag=1000
* \@twocolumnfalse
* \@twosidefalse
* \@mparswitchfalse
* \@reversemarginfalse
* (1in=72.27pt=25.4mm, 1cm=28.453pt)

LaTeX Font Info:    External font `cmex10' loaded for size
(Font)              <12> on input line 49.
LaTeX Font Info:    External font `cmex10' loaded for size
(Font)              <8> on input line 49.
LaTeX Font Info:    External font `cmex10' loaded for size
(Font)              <6> on input line 49.
LaTeX Font Info:    Try loading font information for OMS+cmr on input line 61.
(c:/texlive/2016/texmf-dist/tex/latex/base/omscmr.fd
File: omscmr.fd 2014/09/29 v2.5h Standard LaTeX font definitions
)
LaTeX Font Info:    Font shape `OMS/cmr/m/n' in size <12> not available
(Font)              Font shape `OMS/cmsy/m/n' tried instead on input line 61.

<gfx/elements.png, id=1, 776.9025pt x 306.39468pt>
File: gfx/elements.png Graphic file (type png)
 <use gfx/elements.png>
Package pdftex.def Info: gfx/elements.png used on input line 61.
(pdftex.def)             Requested size: 250.0pt x 98.59529pt.

Overfull \hbox (53.9029pt too wide) in alignment at lines 48--126
 [] [] 
 []


Overfull \hbox (53.9029pt too wide) in alignment at lines 126--170
 [] [] 
 []

[1

{c:/texlive/2016/texmf-var/fonts/map/pdftex/updmap/pdftex.map} <./gfx/elements.
png>]
Overfull \hbox (53.9029pt too wide) in alignment at lines 170--214
 [] [] 
 []

[2]
Overfull \hbox (53.9029pt too wide) in alignment at lines 214--219
 [] [] 
 []

[3]
Overfull \hbox (53.9029pt too wide) in alignment at lines 219--257
 [] [] 
 []

[4]
Missing character: There is no ­ in font cmr12!

Overfull \hbox (53.9029pt too wide) in alignment at lines 257--298
 [] [] 
 []

[5] [6]
Missing character: There is no ­ in font cmr12!
Missing character: There is no ­ in font cmr12!
Missing character: There is no ­ in font cmr12!
Missing character: There is no ­ in font cmr12!

Overfull \hbox (53.9029pt too wide) in alignment at lines 298--343
 [] [] 
 []

Missing character: There is no ­ in font cmr12!

Overfull \hbox (53.9029pt too wide) in alignment at lines 343--367
 [] [] 
 []

[7] [8] [9]
Overfull \hbox (53.9029pt too wide) in alignment at lines 367--447
 [] [] 
 []


Overfull \hbox (53.9029pt too wide) in alignment at lines 447--484
 [] [] 
 []

[10] [11]
Missing character: There is no ­ in font cmr12!

Overfull \hbox (53.9029pt too wide) in alignment at lines 484--548
 [] [] 
 []


Overfull \hbox (53.9029pt too wide) in alignment at lines 548--579
 [] [] 
 []

[12] [13] <gfx/FDM_MUX.png, id=55, 640.64343pt x 486.31688pt>
File: gfx/FDM_MUX.png Graphic file (type png)

<use gfx/FDM_MUX.png>
Package pdftex.def Info: gfx/FDM_MUX.png used on input line 597.
(pdftex.def)             Requested size: 250.0pt x 189.77412pt.

Overfull \hbox (10.83325pt too wide) in paragraph at lines 597--597
[]|\OT1/cmr/m/n/9 5) []| 
 []

<gfx/FDM_DEMUX.png, id=56, 615.80063pt x 514.17094pt>
File: gfx/FDM_DEMUX.png Graphic file (type png)
 <use gfx/FDM_DEMUX.png>
Package pdftex.def Info: gfx/FDM_DEMUX.png used on input line 599.
(pdftex.def)             Requested size: 250.0pt x 208.7402pt.

Overfull \hbox (10.83325pt too wide) in paragraph at lines 599--599
[]|\OT1/cmr/m/n/9 7) []| 
 []


Overfull \hbox (53.9029pt too wide) in alignment at lines 580--613
 [] [] 
 []

[14] [15 <./gfx/FDM_MUX.png> <./gfx/FDM_DEMUX.png>]
<gfx/PCM_MUX.png, id=63, 838.63312pt x 581.17125pt>
File: gfx/PCM_MUX.png Graphic file (type png)
 <use gfx/PCM_MUX.png>
Package pdftex.def Info: gfx/PCM_MUX.png used on input line 623.
(pdftex.def)             Requested size: 250.0pt x 173.24422pt.

Overfull \hbox (10.83325pt too wide) in paragraph at lines 623--623
[]|\OT1/cmr/m/n/9 4) []| 
 []


Overfull \hbox (53.9029pt too wide) in alignment at lines 613--634
 [] [] 
 []

[16 <./gfx/PCM_MUX.png>]
Overfull \hbox (53.9029pt too wide) in alignment at lines 634--650
 [] [] 
 []


Overfull \hbox (53.9029pt too wide) in alignment at lines 650--675
 [] [] 
 []

[17]
Overfull \hbox (53.9029pt too wide) in alignment at lines 675--678
 [] [] 
 []


Overfull \hbox (53.9029pt too wide) in alignment at lines 678--697
 [] [] 
 []

[18]
Overfull \hbox (53.9029pt too wide) in alignment at lines 697--707
 [] [] 
 []


Overfull \hbox (53.9029pt too wide) in alignment at lines 707--729
 [] [] 
 []

[19] <gfx/heirarchy.png, id=81, 782.925pt x 514.17094pt>
File: gfx/heirarchy.png Graphic file (type png)

<use gfx/heirarchy.png>
Package pdftex.def Info: gfx/heirarchy.png used on input line 733.
(pdftex.def)             Requested size: 250.0pt x 164.17715pt.

Overfull \hbox (10.83325pt too wide) in paragraph at lines 733--733
[]|\OT1/cmr/m/n/9 4) []| 
 []


Overfull \hbox (53.9029pt too wide) in alignment at lines 729--734
 [] [] 
 []


Underfull \hbox (badness 2111) in paragraph at lines 750--750
[]\OT1/cmr/m/n/12 Modulates and de-mod-u-lates the
 []


Overfull \hbox (53.9029pt too wide) in alignment at lines 734--751
 [] [] 
 []


Overfull \hbox (53.9029pt too wide) in alignment at lines 752--757
 [] [] 
 []

[20 <./gfx/heirarchy.png>]
Overfull \hbox (53.9029pt too wide) in alignment at lines 760--763
 [] [] 
 []


Overfull \hbox (53.9029pt too wide) in alignment at lines 763--770
 [] [] 
 []

File: gfx/elements.png Graphic file (type png)
<use gfx/elements.png>
Package pdftex.def Info: gfx/elements.png used on input line 779.
(pdftex.def)             Requested size: 250.0pt x 98.59529pt.

Overfull \hbox (53.9029pt too wide) in alignment at lines 771--788
 [] [] 
 []

[21] [22] (./main.aux) ) 
Here is how much of TeX's memory you used:
 2588 strings out of 494902
 37263 string characters out of 6180032
 123324 words of memory out of 5000000
 5855 multiletter control sequences out of 15000+600000
 7628 words of font info for 27 fonts, out of 8000000 for 9000
 36 hyphenation exceptions out of 8191
 39i,10n,28p,596b,292s stack positions out of 5000i,500n,10000p,200000b,80000s
<c:/texlive/2016/texmf-dist/fonts/type1/public/amsfonts
/cm/cmbx12.pfb><c:/texlive/2016/texmf-dist/fonts/type1/public/amsfonts/cm/cmex1
0.pfb><c:/texlive/2016/texmf-dist/fonts/type1/public/amsfonts/cm/cmmi12.pfb><c:
/texlive/2016/texmf-dist/fonts/type1/public/amsfonts/cm/cmmi6.pfb><c:/texlive/2
016/texmf-dist/fonts/type1/public/amsfonts/cm/cmmi8.pfb><c:/texlive/2016/texmf-
dist/fonts/type1/public/amsfonts/cm/cmr10.pfb><c:/texlive/2016/texmf-dist/fonts
/type1/public/amsfonts/cm/cmr12.pfb><c:/texlive/2016/texmf-dist/fonts/type1/pub
lic/amsfonts/cm/cmr17.pfb><c:/texlive/2016/texmf-dist/fonts/type1/public/amsfon
ts/cm/cmr6.pfb><c:/texlive/2016/texmf-dist/fonts/type1/public/amsfonts/cm/cmr8.
pfb><c:/texlive/2016/texmf-dist/fonts/type1/public/amsfonts/cm/cmr9.pfb><c:/tex
live/2016/texmf-dist/fonts/type1/public/amsfonts/cm/cmsy10.pfb><c:/texlive/2016
/texmf-dist/fonts/type1/public/amsfonts/cm/cmsy8.pfb><c:/texlive/2016/texmf-dis
t/fonts/type1/public/amsfonts/cm/cmti12.pfb>
Output written on main.pdf (22 pages, 432657 bytes).
PDF statistics:
 136 PDF objects out of 1000 (max. 8388607)
 92 compressed objects within 1 object stream
 0 named destinations out of 1000 (max. 500000)
 26 words of extra memory for PDF output out of 10000 (max. 10000000)

